2025-04-09 18:32:56,445: INFO  – Processing file 'C:\Program Files (x86)\GeneXus\GeneXus18\Startup\Common\CommonApi.xpz'...
2025-04-09 18:32:56,720: INFO  – Checking Import References...
2025-04-09 18:32:56,730: INFO  – Finished
2025-04-09 18:32:56,730: INFO  – Reading import file objects...
2025-04-09 18:32:56,751: INFO  – Finished
2025-04-09 18:32:57,383: INFO  – Importing Module 'General'... was not changed
2025-04-09 18:32:57,397: INFO  – Importing External Object 'General.GlobalEvents'... 
2025-04-09 18:32:57,687: INFO  – Successful
2025-04-09 18:32:57,826: INFO  – Processing file 'C:\Program Files (x86)\GeneXus\GeneXus18\Startup\Common\GeneXusModule.xpz'...
2025-04-09 18:32:57,945: INFO  – Checking Import References...
2025-04-09 18:32:57,947: INFO  – Finished
2025-04-09 18:32:57,948: INFO  – Reading import file objects...
2025-04-09 18:32:58,024: INFO  – Finished
2025-04-09 18:32:58,875: INFO  – Importing Module 'GeneXus'... 
2025-04-09 18:33:41,909: INFO  – Successful
2025-04-09 18:33:41,996: INFO  – Processing file 'C:\Program Files (x86)\GeneXus\GeneXus18\ObjectDefinitions\Language\Portuguese.xpz'...
2025-04-09 18:33:42,119: INFO  – Reading import file objects...
2025-04-09 18:33:42,149: INFO  – Finished
2025-04-09 18:33:42,674: INFO  – Importing Language 'Portuguese'... 
2025-04-09 18:33:44,840: INFO  – Successful
2025-04-09 18:33:44,907: INFO  – Processing file 'C:\Program Files (x86)\GeneXus\GeneXus18\Startup\Web\DefaultStyle.xpz'...
2025-04-09 18:33:46,257: INFO  – Checking Import References...
2025-04-09 18:33:46,263: INFO  – Finished
2025-04-09 18:33:46,263: INFO  – Reading import file objects...
2025-04-09 18:33:46,441: INFO  – Finished
2025-04-09 18:33:54,625: INFO  – Importing Module 'GeneXusUnanimo'... 
2025-04-09 18:34:52,674: INFO  – Successful
2025-04-09 18:34:52,709: INFO  – Processing file 'C:\Program Files (x86)\GeneXus\GeneXus18\Startup\Web\GeneralWeb.xpz'...
2025-04-09 18:34:52,751: INFO  – Checking Import References...
2025-04-09 18:34:52,753: INFO  – Finished
2025-04-09 18:34:52,754: INFO  – Reading import file objects...
2025-04-09 18:34:52,755: INFO  – Finished
2025-04-09 18:34:53,391: INFO  – Importing Module 'General.UI'... was not changed
2025-04-09 18:34:53,398: INFO  – Importing Module 'General'... was not changed
2025-04-09 18:34:53,481: INFO  – Importing Module 'GeneXus'... was not changed
2025-04-09 18:34:53,493: INFO  – Importing Module 'GeneXusUnanimo'... was not changed
2025-04-09 18:34:57,430: INFO  – Importing Web Panel 'General.UI.MasterUnanimoSidebar'... 
2025-04-09 18:35:02,413: INFO  – Successful
2025-04-09 18:35:02,418: INFO  – Importing Web Panel 'General.UI.MasterPrompt'... 
2025-04-09 18:35:02,589: INFO  – Successful
2025-04-09 18:35:02,597: INFO  – Importing Data Provider 'General.UI.SidebarItemsDP'... 
2025-04-09 18:35:02,680: INFO  – Successful
2025-04-09 18:35:02,687: INFO  – Importing Image 'selectRow'... 
2025-04-09 18:35:02,765: INFO  – Successful
2025-04-09 18:35:05,303: INFO  – Generating Design System KbProcessoSeletivoGenexusSenior
2025-04-09 18:35:09,292: INFO  – Success: Create Knowledge Base
