<?xml version="1.0" encoding="utf-8"?>
<ImportLog>
	<RowImport>
		<Status>Ok</Status>
		<Type>c88fffcd-b6f8-0000-8fec-00b5497e2117</Type>
		<TypeName>Module</TypeName>
		<Name>modelo</Name>
		<Errors />
		<Warnings />
		<Info>
			<Message>'General' renamed to 'modelo'</Message>
		</Info>
	</RowImport>
	<RowImport>
		<Status>Ok</Status>
		<Type>c88fffcd-b6f8-0000-8fec-00b5497e2117</Type>
		<TypeName>Module</TypeName>
		<Name>api</Name>
		<Errors />
		<Warnings />
		<Info />
	</RowImport>
	<RowImport>
		<Status>Ok</Status>
		<Type>00000000-0000-0000-0000-000000000008</Type>
		<TypeName>Folder</TypeName>
		<Name>SecurityAPICommons.Asymmetric</Name>
		<Errors />
		<Warnings />
		<Info />
	</RowImport>
	<RowImport>
		<Status>Ok</Status>
		<Type>00000000-0000-0000-0000-000000000008</Type>
		<TypeName>Folder</TypeName>
		<Name>SecurityAPICommons.Symmetric</Name>
		<Errors />
		<Warnings />
		<Info />
	</RowImport>
	<RowImport>
		<Status>Ok</Status>
		<Type>00000000-0000-0000-0000-000000000008</Type>
		<TypeName>Folder</TypeName>
		<Name>SecurityAPICommons.Encoders</Name>
		<Errors />
		<Warnings />
		<Info />
	</RowImport>
	<RowImport>
		<Status>Ok</Status>
		<Type>00000000-0000-0000-0000-000000000008</Type>
		<TypeName>Folder</TypeName>
		<Name>SecurityAPICommons.Utils</Name>
		<Errors />
		<Warnings />
		<Info />
	</RowImport>
	<RowImport>
		<Status>Ok</Status>
		<Type>00972a17-9975-449e-aab1-d26165d51393</Type>
		<TypeName>Domain</TypeName>
		<Name>SecurityAPICommons.SymmetricKeyType</Name>
		<Errors />
		<Warnings />
		<Info />
	</RowImport>
	<RowImport>
		<Status>Ok</Status>
		<Type>1132ac08-290f-4fd1-bd18-64777b7329d1</Type>
		<TypeName>File</TypeName>
		<Name>SecurityAPICommons.securityApiCommons_gradle</Name>
		<Errors />
		<Warnings />
		<Info />
	</RowImport>
	<RowImport>
		<Status>Ok</Status>
		<Type>1132ac08-290f-4fd1-bd18-64777b7329d1</Type>
		<TypeName>File</TypeName>
		<Name>SecurityAPICommons.SecurityAPICommons-18_8_0_jar</Name>
		<Errors />
		<Warnings />
		<Info />
	</RowImport>
	<RowImport>
		<Status>Ok</Status>
		<Type>c163e562-42c6-4158-ad83-5b21a14cf30e</Type>
		<TypeName>ExternalObject</TypeName>
		<Name>SecurityAPICommons.Certificate</Name>
		<Errors />
		<Warnings />
		<Info />
	</RowImport>
	<RowImport>
		<Status>Ok</Status>
		<Type>c163e562-42c6-4158-ad83-5b21a14cf30e</Type>
		<TypeName>ExternalObject</TypeName>
		<Name>SecurityAPICommons.PrivateKey</Name>
		<Errors />
		<Warnings />
		<Info />
	</RowImport>
	<RowImport>
		<Status>Ok</Status>
		<Type>c163e562-42c6-4158-ad83-5b21a14cf30e</Type>
		<TypeName>ExternalObject</TypeName>
		<Name>SecurityAPICommons.PublicKey</Name>
		<Errors />
		<Warnings />
		<Info />
	</RowImport>
	<RowImport>
		<Status>Ok</Status>
		<Type>c163e562-42c6-4158-ad83-5b21a14cf30e</Type>
		<TypeName>ExternalObject</TypeName>
		<Name>SecurityAPICommons.SymmetricKeyGenerator</Name>
		<Errors />
		<Warnings />
		<Info />
	</RowImport>
	<RowImport>
		<Status>Ok</Status>
		<Type>c163e562-42c6-4158-ad83-5b21a14cf30e</Type>
		<TypeName>ExternalObject</TypeName>
		<Name>SecurityAPICommons.HexaEncoder</Name>
		<Errors />
		<Warnings />
		<Info />
	</RowImport>
	<RowImport>
		<Status>Ok</Status>
		<Type>c163e562-42c6-4158-ad83-5b21a14cf30e</Type>
		<TypeName>ExternalObject</TypeName>
		<Name>SecurityAPICommons.Base64Encoder</Name>
		<Errors />
		<Warnings />
		<Info />
	</RowImport>
	<RowImport>
		<Status>Ok</Status>
		<Type>c163e562-42c6-4158-ad83-5b21a14cf30e</Type>
		<TypeName>ExternalObject</TypeName>
		<Name>SecurityAPICommons.Base64UrlEncoder</Name>
		<Errors />
		<Warnings />
		<Info />
	</RowImport>
	<RowImport>
		<Status>Ok</Status>
		<Type>c163e562-42c6-4158-ad83-5b21a14cf30e</Type>
		<TypeName>ExternalObject</TypeName>
		<Name>SecurityAPICommons.ExtensionsWhiteList</Name>
		<Errors />
		<Warnings />
		<Info />
	</RowImport>
	<RowImport>
		<Status>Ok</Status>
		<Type>c88fffcd-b6f8-0000-8fec-00b5497e2117</Type>
		<TypeName>Module</TypeName>
		<Name>SecurityAPICommons</Name>
		<Errors />
		<Warnings />
		<Info />
	</RowImport>
	<RowImport>
		<Status>Ok</Status>
		<Type>c88fffcd-b6f8-0000-8fec-00b5497e2117</Type>
		<TypeName>Module</TypeName>
		<Name>GeneXusJWT.Deprecated</Name>
		<Errors />
		<Warnings />
		<Info />
	</RowImport>
	<RowImport>
		<Status>Ok</Status>
		<Type>00000000-0000-0000-0000-000000000008</Type>
		<TypeName>Folder</TypeName>
		<Name>GeneXusJWT.Utils</Name>
		<Errors />
		<Warnings />
		<Info />
	</RowImport>
	<RowImport>
		<Status>Ok</Status>
		<Type>00000000-0000-0000-0000-000000000008</Type>
		<TypeName>Folder</TypeName>
		<Name>GeneXusJWT.JWT</Name>
		<Errors />
		<Warnings />
		<Info />
	</RowImport>
	<RowImport>
		<Status>Ok</Status>
		<Type>00972a17-9975-449e-aab1-d26165d51393</Type>
		<TypeName>Domain</TypeName>
		<Name>GeneXusJWT.JWTAlgorithm</Name>
		<Errors />
		<Warnings />
		<Info />
	</RowImport>
	<RowImport>
		<Status>Ok</Status>
		<Type>00972a17-9975-449e-aab1-d26165d51393</Type>
		<TypeName>Domain</TypeName>
		<Name>GeneXusJWT.RegisteredClaim</Name>
		<Errors />
		<Warnings />
		<Info />
	</RowImport>
	<RowImport>
		<Status>Ok</Status>
		<Type>1132ac08-290f-4fd1-bd18-64777b7329d1</Type>
		<TypeName>File</TypeName>
		<Name>GeneXusJWT.genexusJwt_gradle</Name>
		<Errors />
		<Warnings />
		<Info />
	</RowImport>
	<RowImport>
		<Status>Ok</Status>
		<Type>1132ac08-290f-4fd1-bd18-64777b7329d1</Type>
		<TypeName>File</TypeName>
		<Name>GeneXusJWT.GeneXusJWT-18_8_0_jar</Name>
		<Errors />
		<Warnings />
		<Info />
	</RowImport>
	<RowImport>
		<Status>Ok</Status>
		<Type>c163e562-42c6-4158-ad83-5b21a14cf30e</Type>
		<TypeName>ExternalObject</TypeName>
		<Name>GeneXusJWT.RevocationList</Name>
		<Errors />
		<Warnings />
		<Info />
	</RowImport>
	<RowImport>
		<Status>Ok</Status>
		<Type>c163e562-42c6-4158-ad83-5b21a14cf30e</Type>
		<TypeName>ExternalObject</TypeName>
		<Name>GeneXusJWT.PrivateClaims</Name>
		<Errors />
		<Warnings />
		<Info />
	</RowImport>
	<RowImport>
		<Status>Ok</Status>
		<Type>c163e562-42c6-4158-ad83-5b21a14cf30e</Type>
		<TypeName>ExternalObject</TypeName>
		<Name>GeneXusJWT.UnixTimestampCreator</Name>
		<Errors />
		<Warnings />
		<Info />
	</RowImport>
	<RowImport>
		<Status>Ok</Status>
		<Type>c163e562-42c6-4158-ad83-5b21a14cf30e</Type>
		<TypeName>ExternalObject</TypeName>
		<Name>GeneXusJWT.JWTCreator</Name>
		<Errors />
		<Warnings />
		<Info />
	</RowImport>
	<RowImport>
		<Status>Ok</Status>
		<Type>c163e562-42c6-4158-ad83-5b21a14cf30e</Type>
		<TypeName>ExternalObject</TypeName>
		<Name>GeneXusJWT.JWTOptions</Name>
		<Errors />
		<Warnings />
		<Info />
	</RowImport>
	<RowImport>
		<Status>Ok</Status>
		<Type>c163e562-42c6-4158-ad83-5b21a14cf30e</Type>
		<TypeName>ExternalObject</TypeName>
		<Name>GeneXusJWT.Deprecated.GUID</Name>
		<Errors />
		<Warnings />
		<Info />
	</RowImport>
	<RowImport>
		<Status>Ok</Status>
		<Type>c163e562-42c6-4158-ad83-5b21a14cf30e</Type>
		<TypeName>ExternalObject</TypeName>
		<Name>GeneXusJWT.Deprecated.DateUtil</Name>
		<Errors />
		<Warnings />
		<Info />
	</RowImport>
	<RowImport>
		<Status>Ok</Status>
		<Type>c88fffcd-b6f8-0000-8fec-00b5497e2117</Type>
		<TypeName>Module</TypeName>
		<Name>GeneXusJWT</Name>
		<Errors />
		<Warnings />
		<Info />
	</RowImport>
	<RowImport>
		<Status>Ok</Status>
		<Type>00000000-0000-0000-0000-000000000008</Type>
		<TypeName>Folder</TypeName>
		<Name>modelo.Transacao</Name>
		<Errors />
		<Warnings />
		<Info />
	</RowImport>
	<RowImport>
		<Status>Ok</Status>
		<Type>00000000-0000-0000-0000-000000000008</Type>
		<TypeName>Folder</TypeName>
		<Name>modelo.Diagramas</Name>
		<Errors />
		<Warnings />
		<Info />
	</RowImport>
	<RowImport>
		<Status>Ok</Status>
		<Type>00000000-0000-0000-0000-000000000008</Type>
		<TypeName>Folder</TypeName>
		<Name>modelo.Subtype</Name>
		<Errors />
		<Warnings />
		<Info />
	</RowImport>
	<RowImport>
		<Status>Ok</Status>
		<Type>00000000-0000-0000-0000-000000000008</Type>
		<TypeName>Folder</TypeName>
		<Name>modelo.Servidor</Name>
		<Errors />
		<Warnings />
		<Info />
	</RowImport>
	<RowImport>
		<Status>Ok</Status>
		<Type>00000000-0000-0000-0000-000000000008</Type>
		<TypeName>Folder</TypeName>
		<Name>modelo.Procedimentos</Name>
		<Errors />
		<Warnings />
		<Info />
	</RowImport>
	<RowImport>
		<Status>Ok</Status>
		<Type>00000000-0000-0000-0000-000000000008</Type>
		<TypeName>Folder</TypeName>
		<Name>modelo.ServidorPrc</Name>
		<Errors />
		<Warnings />
		<Info />
	</RowImport>
	<RowImport>
		<Status>Ok</Status>
		<Type>00000000-0000-0000-0000-000000000008</Type>
		<TypeName>Folder</TypeName>
		<Name>modelo.ServidorSdt</Name>
		<Errors />
		<Warnings />
		<Info />
	</RowImport>
	<RowImport>
		<Status>Ok</Status>
		<Type>00000000-0000-0000-0000-000000000008</Type>
		<TypeName>Folder</TypeName>
		<Name>modelo.ServidorDP</Name>
		<Errors />
		<Warnings />
		<Info />
	</RowImport>
	<RowImport>
		<Status>Ok</Status>
		<Type>00000000-0000-0000-0000-000000000008</Type>
		<TypeName>Folder</TypeName>
		<Name>api.api_cidade</Name>
		<Errors />
		<Warnings />
		<Info />
	</RowImport>
	<RowImport>
		<Status>Ok</Status>
		<Type>00000000-0000-0000-0000-000000000008</Type>
		<TypeName>Folder</TypeName>
		<Name>api.api_unidade</Name>
		<Errors />
		<Warnings />
		<Info />
	</RowImport>
	<RowImport>
		<Status>Ok</Status>
		<Type>00000000-0000-0000-0000-000000000008</Type>
		<TypeName>Folder</TypeName>
		<Name>api.api_lotacao</Name>
		<Errors />
		<Warnings />
		<Info />
	</RowImport>
	<RowImport>
		<Status>Ok</Status>
		<Type>00000000-0000-0000-0000-000000000008</Type>
		<TypeName>Folder</TypeName>
		<Name>api.api_pessoa</Name>
		<Errors />
		<Warnings />
		<Info />
	</RowImport>
	<RowImport>
		<Status>Ok</Status>
		<Type>00000000-0000-0000-0000-000000000008</Type>
		<TypeName>Folder</TypeName>
		<Name>api.api_servidor_temporario</Name>
		<Errors />
		<Warnings />
		<Info />
	</RowImport>
	<RowImport>
		<Status>Ok</Status>
		<Type>00000000-0000-0000-0000-000000000008</Type>
		<TypeName>Folder</TypeName>
		<Name>api.api_efetivo</Name>
		<Errors />
		<Warnings />
		<Info />
	</RowImport>
	<RowImport>
		<Status>Ok</Status>
		<Type>00000000-0000-0000-0000-000000000008</Type>
		<TypeName>Folder</TypeName>
		<Name>api.api_consultas</Name>
		<Errors />
		<Warnings />
		<Info />
	</RowImport>
	<RowImport>
		<Status>Ok</Status>
		<Type>00000000-0000-0000-0000-000000000008</Type>
		<TypeName>Folder</TypeName>
		<Name>modelo.DataProvider</Name>
		<Errors />
		<Warnings />
		<Info />
	</RowImport>
	<RowImport>
		<Status>Ok</Status>
		<Type>00000000-0000-0000-0000-000000000008</Type>
		<TypeName>Folder</TypeName>
		<Name>api.funcional</Name>
		<Errors />
		<Warnings />
		<Info />
	</RowImport>
	<RowImport>
		<Status>Ok</Status>
		<Type>00000000-0000-0000-0000-000000000008</Type>
		<TypeName>Folder</TypeName>
		<Name>api.api_autentica</Name>
		<Errors />
		<Warnings />
		<Info />
	</RowImport>
	<RowImport>
		<Status>Ok</Status>
		<Type>00000000-0000-0000-0000-000000000008</Type>
		<TypeName>Folder</TypeName>
		<Name>api.api_foto_pessoa</Name>
		<Errors />
		<Warnings />
		<Info />
	</RowImport>
	<RowImport>
		<Status>Ok</Status>
		<Type>78b3fa0e-174c-4b2b-8716-718167a428b5</Type>
		<TypeName>DesignSystem</TypeName>
		<Name>seletivo</Name>
		<Errors />
		<Warnings />
		<Info />
	</RowImport>
	<RowImport>
		<Status>Ok</Status>
		<Type>00972a17-9975-449e-aab1-d26165d51393</Type>
		<TypeName>Domain</TypeName>
		<Name>modelo.DChaveToken</Name>
		<Errors />
		<Warnings />
		<Info />
	</RowImport>
	<RowImport>
		<Status>Ok</Status>
		<Type>adbb33c9-0906-4971-833c-998de27e0676</Type>
		<TypeName>Attribute</TypeName>
		<Name>pes_id</Name>
		<Errors />
		<Warnings />
		<Info />
	</RowImport>
	<RowImport>
		<Status>Ok</Status>
		<Type>adbb33c9-0906-4971-833c-998de27e0676</Type>
		<TypeName>Attribute</TypeName>
		<Name>pes_nome</Name>
		<Errors />
		<Warnings />
		<Info />
	</RowImport>
	<RowImport>
		<Status>Ok</Status>
		<Type>adbb33c9-0906-4971-833c-998de27e0676</Type>
		<TypeName>Attribute</TypeName>
		<Name>pes_data_nascimento</Name>
		<Errors />
		<Warnings />
		<Info />
	</RowImport>
	<RowImport>
		<Status>Ok</Status>
		<Type>adbb33c9-0906-4971-833c-998de27e0676</Type>
		<TypeName>Attribute</TypeName>
		<Name>pes_sexo</Name>
		<Errors />
		<Warnings />
		<Info />
	</RowImport>
	<RowImport>
		<Status>Ok</Status>
		<Type>adbb33c9-0906-4971-833c-998de27e0676</Type>
		<TypeName>Attribute</TypeName>
		<Name>pes_mae</Name>
		<Errors />
		<Warnings />
		<Info />
	</RowImport>
	<RowImport>
		<Status>Ok</Status>
		<Type>adbb33c9-0906-4971-833c-998de27e0676</Type>
		<TypeName>Attribute</TypeName>
		<Name>pes_pai</Name>
		<Errors />
		<Warnings />
		<Info />
	</RowImport>
	<RowImport>
		<Status>Ok</Status>
		<Type>adbb33c9-0906-4971-833c-998de27e0676</Type>
		<TypeName>Attribute</TypeName>
		<Name>unid_id</Name>
		<Errors />
		<Warnings />
		<Info />
	</RowImport>
	<RowImport>
		<Status>Ok</Status>
		<Type>adbb33c9-0906-4971-833c-998de27e0676</Type>
		<TypeName>Attribute</TypeName>
		<Name>unid_nome</Name>
		<Errors />
		<Warnings />
		<Info />
	</RowImport>
	<RowImport>
		<Status>Ok</Status>
		<Type>adbb33c9-0906-4971-833c-998de27e0676</Type>
		<TypeName>Attribute</TypeName>
		<Name>unid_sigla</Name>
		<Errors />
		<Warnings />
		<Info />
	</RowImport>
	<RowImport>
		<Status>Ok</Status>
		<Type>adbb33c9-0906-4971-833c-998de27e0676</Type>
		<TypeName>Attribute</TypeName>
		<Name>cid_id</Name>
		<Errors />
		<Warnings />
		<Info />
	</RowImport>
	<RowImport>
		<Status>Ok</Status>
		<Type>adbb33c9-0906-4971-833c-998de27e0676</Type>
		<TypeName>Attribute</TypeName>
		<Name>cid_nome</Name>
		<Errors />
		<Warnings />
		<Info />
	</RowImport>
	<RowImport>
		<Status>Ok</Status>
		<Type>adbb33c9-0906-4971-833c-998de27e0676</Type>
		<TypeName>Attribute</TypeName>
		<Name>cid_uf</Name>
		<Errors />
		<Warnings />
		<Info />
	</RowImport>
	<RowImport>
		<Status>Ok</Status>
		<Type>adbb33c9-0906-4971-833c-998de27e0676</Type>
		<TypeName>Attribute</TypeName>
		<Name>end_id</Name>
		<Errors />
		<Warnings />
		<Info />
	</RowImport>
	<RowImport>
		<Status>Ok</Status>
		<Type>adbb33c9-0906-4971-833c-998de27e0676</Type>
		<TypeName>Attribute</TypeName>
		<Name>end_tipo_logradouro</Name>
		<Errors />
		<Warnings />
		<Info />
	</RowImport>
	<RowImport>
		<Status>Ok</Status>
		<Type>adbb33c9-0906-4971-833c-998de27e0676</Type>
		<TypeName>Attribute</TypeName>
		<Name>end_logradouro</Name>
		<Errors />
		<Warnings />
		<Info />
	</RowImport>
	<RowImport>
		<Status>Ok</Status>
		<Type>adbb33c9-0906-4971-833c-998de27e0676</Type>
		<TypeName>Attribute</TypeName>
		<Name>end_numero</Name>
		<Errors />
		<Warnings />
		<Info />
	</RowImport>
	<RowImport>
		<Status>Ok</Status>
		<Type>adbb33c9-0906-4971-833c-998de27e0676</Type>
		<TypeName>Attribute</TypeName>
		<Name>end_bairro</Name>
		<Errors />
		<Warnings />
		<Info />
	</RowImport>
	<RowImport>
		<Status>Ok</Status>
		<Type>adbb33c9-0906-4971-833c-998de27e0676</Type>
		<TypeName>Attribute</TypeName>
		<Name>fp_id</Name>
		<Errors />
		<Warnings />
		<Info />
	</RowImport>
	<RowImport>
		<Status>Ok</Status>
		<Type>adbb33c9-0906-4971-833c-998de27e0676</Type>
		<TypeName>Attribute</TypeName>
		<Name>fp_data</Name>
		<Errors />
		<Warnings />
		<Info />
	</RowImport>
	<RowImport>
		<Status>Ok</Status>
		<Type>adbb33c9-0906-4971-833c-998de27e0676</Type>
		<TypeName>Attribute</TypeName>
		<Name>fp_bucket</Name>
		<Errors />
		<Warnings />
		<Info />
	</RowImport>
	<RowImport>
		<Status>Ok</Status>
		<Type>adbb33c9-0906-4971-833c-998de27e0676</Type>
		<TypeName>Attribute</TypeName>
		<Name>fp_hash</Name>
		<Errors />
		<Warnings />
		<Info />
	</RowImport>
	<RowImport>
		<Status>Ok</Status>
		<Type>adbb33c9-0906-4971-833c-998de27e0676</Type>
		<TypeName>Attribute</TypeName>
		<Name>se_matricula</Name>
		<Errors />
		<Warnings />
		<Info />
	</RowImport>
	<RowImport>
		<Status>Ok</Status>
		<Type>adbb33c9-0906-4971-833c-998de27e0676</Type>
		<TypeName>Attribute</TypeName>
		<Name>lot_id</Name>
		<Errors />
		<Warnings />
		<Info />
	</RowImport>
	<RowImport>
		<Status>Ok</Status>
		<Type>adbb33c9-0906-4971-833c-998de27e0676</Type>
		<TypeName>Attribute</TypeName>
		<Name>lot_data_lotacao</Name>
		<Errors />
		<Warnings />
		<Info />
	</RowImport>
	<RowImport>
		<Status>Ok</Status>
		<Type>adbb33c9-0906-4971-833c-998de27e0676</Type>
		<TypeName>Attribute</TypeName>
		<Name>lot_data_remocao</Name>
		<Errors />
		<Warnings />
		<Info />
	</RowImport>
	<RowImport>
		<Status>Ok</Status>
		<Type>adbb33c9-0906-4971-833c-998de27e0676</Type>
		<TypeName>Attribute</TypeName>
		<Name>lot_portaria</Name>
		<Errors />
		<Warnings />
		<Info />
	</RowImport>
	<RowImport>
		<Status>Ok</Status>
		<Type>adbb33c9-0906-4971-833c-998de27e0676</Type>
		<TypeName>Attribute</TypeName>
		<Name>st_data_admissao</Name>
		<Errors />
		<Warnings />
		<Info />
	</RowImport>
	<RowImport>
		<Status>Ok</Status>
		<Type>adbb33c9-0906-4971-833c-998de27e0676</Type>
		<TypeName>Attribute</TypeName>
		<Name>st_data_demissao</Name>
		<Errors />
		<Warnings />
		<Info />
	</RowImport>
	<RowImport>
		<Status>Ok</Status>
		<Type>adbb33c9-0906-4971-833c-998de27e0676</Type>
		<TypeName>Attribute</TypeName>
		<Name>ser_id</Name>
		<Errors />
		<Warnings />
		<Info />
	</RowImport>
	<RowImport>
		<Status>Ok</Status>
		<Type>adbb33c9-0906-4971-833c-998de27e0676</Type>
		<TypeName>Attribute</TypeName>
		<Name>se_id</Name>
		<Errors />
		<Warnings />
		<Info />
	</RowImport>
	<RowImport>
		<Status>Ok</Status>
		<Type>adbb33c9-0906-4971-833c-998de27e0676</Type>
		<TypeName>Attribute</TypeName>
		<Name>st_id</Name>
		<Errors />
		<Warnings />
		<Info />
	</RowImport>
	<RowImport>
		<Status>Ok</Status>
		<Type>adbb33c9-0906-4971-833c-998de27e0676</Type>
		<TypeName>Attribute</TypeName>
		<Name>se_pes_id</Name>
		<Errors />
		<Warnings />
		<Info />
	</RowImport>
	<RowImport>
		<Status>Ok</Status>
		<Type>adbb33c9-0906-4971-833c-998de27e0676</Type>
		<TypeName>Attribute</TypeName>
		<Name>st_pes_id</Name>
		<Errors />
		<Warnings />
		<Info />
	</RowImport>
	<RowImport>
		<Status>Ok</Status>
		<Type>adbb33c9-0906-4971-833c-998de27e0676</Type>
		<TypeName>Attribute</TypeName>
		<Name>st_pes_nome</Name>
		<Errors />
		<Warnings />
		<Info />
	</RowImport>
	<RowImport>
		<Status>Ok</Status>
		<Type>adbb33c9-0906-4971-833c-998de27e0676</Type>
		<TypeName>Attribute</TypeName>
		<Name>se_pes_nome</Name>
		<Errors />
		<Warnings />
		<Info />
	</RowImport>
	<RowImport>
		<Status>Ok</Status>
		<Type>adbb33c9-0906-4971-833c-998de27e0676</Type>
		<TypeName>Attribute</TypeName>
		<Name>end_data</Name>
		<Errors />
		<Warnings />
		<Info />
	</RowImport>
	<RowImport>
		<Status>Ok</Status>
		<Type>adbb33c9-0906-4971-833c-998de27e0676</Type>
		<TypeName>Attribute</TypeName>
		<Name>fp_foto</Name>
		<Errors />
		<Warnings />
		<Info />
	</RowImport>
	<RowImport>
		<Status>Ok</Status>
		<Type>447527b5-9210-4523-898b-5dccb17be60a</Type>
		<TypeName>SDT</TypeName>
		<Name>modelo.sdt_pessoa</Name>
		<Errors />
		<Warnings />
		<Info />
	</RowImport>
	<RowImport>
		<Status>Ok</Status>
		<Type>447527b5-9210-4523-898b-5dccb17be60a</Type>
		<TypeName>SDT</TypeName>
		<Name>modelo.sdt_endereco</Name>
		<Errors />
		<Warnings />
		<Info />
	</RowImport>
	<RowImport>
		<Status>Ok</Status>
		<Type>447527b5-9210-4523-898b-5dccb17be60a</Type>
		<TypeName>SDT</TypeName>
		<Name>modelo.sdt_foto_pessoa</Name>
		<Errors />
		<Warnings />
		<Info />
	</RowImport>
	<RowImport>
		<Status>Ok</Status>
		<Type>447527b5-9210-4523-898b-5dccb17be60a</Type>
		<TypeName>SDT</TypeName>
		<Name>modelo.sdt_unidade</Name>
		<Errors />
		<Warnings />
		<Info />
	</RowImport>
	<RowImport>
		<Status>Ok</Status>
		<Type>447527b5-9210-4523-898b-5dccb17be60a</Type>
		<TypeName>SDT</TypeName>
		<Name>modelo.sdt_lotacao</Name>
		<Errors />
		<Warnings />
		<Info />
	</RowImport>
	<RowImport>
		<Status>Ok</Status>
		<Type>447527b5-9210-4523-898b-5dccb17be60a</Type>
		<TypeName>SDT</TypeName>
		<Name>modelo.sdt_servidor_efetivo</Name>
		<Errors />
		<Warnings />
		<Info />
	</RowImport>
	<RowImport>
		<Status>Ok</Status>
		<Type>447527b5-9210-4523-898b-5dccb17be60a</Type>
		<TypeName>SDT</TypeName>
		<Name>modelo.sdt_cidade</Name>
		<Errors />
		<Warnings />
		<Info />
	</RowImport>
	<RowImport>
		<Status>Ok</Status>
		<Type>447527b5-9210-4523-898b-5dccb17be60a</Type>
		<TypeName>SDT</TypeName>
		<Name>api.sdt_cidade</Name>
		<Errors />
		<Warnings />
		<Info />
	</RowImport>
	<RowImport>
		<Status>Ok</Status>
		<Type>447527b5-9210-4523-898b-5dccb17be60a</Type>
		<TypeName>SDT</TypeName>
		<Name>api.sdt_unidade_insert</Name>
		<Errors />
		<Warnings />
		<Info />
	</RowImport>
	<RowImport>
		<Status>Ok</Status>
		<Type>447527b5-9210-4523-898b-5dccb17be60a</Type>
		<TypeName>SDT</TypeName>
		<Name>api.sdt_unidade_update</Name>
		<Errors />
		<Warnings />
		<Info />
	</RowImport>
	<RowImport>
		<Status>Ok</Status>
		<Type>447527b5-9210-4523-898b-5dccb17be60a</Type>
		<TypeName>SDT</TypeName>
		<Name>api.sdt_unidade_select</Name>
		<Errors />
		<Warnings />
		<Info />
	</RowImport>
	<RowImport>
		<Status>Ok</Status>
		<Type>447527b5-9210-4523-898b-5dccb17be60a</Type>
		<TypeName>SDT</TypeName>
		<Name>api.sdt_lotacao_insert</Name>
		<Errors />
		<Warnings />
		<Info />
	</RowImport>
	<RowImport>
		<Status>Ok</Status>
		<Type>447527b5-9210-4523-898b-5dccb17be60a</Type>
		<TypeName>SDT</TypeName>
		<Name>api.sdt_pessoa_insert</Name>
		<Errors />
		<Warnings />
		<Info />
	</RowImport>
	<RowImport>
		<Status>Ok</Status>
		<Type>447527b5-9210-4523-898b-5dccb17be60a</Type>
		<TypeName>SDT</TypeName>
		<Name>api.sdt_lotacao_update</Name>
		<Errors />
		<Warnings />
		<Info />
	</RowImport>
	<RowImport>
		<Status>Ok</Status>
		<Type>447527b5-9210-4523-898b-5dccb17be60a</Type>
		<TypeName>SDT</TypeName>
		<Name>api.sdt_lotacao_select</Name>
		<Errors />
		<Warnings />
		<Info />
	</RowImport>
	<RowImport>
		<Status>Ok</Status>
		<Type>447527b5-9210-4523-898b-5dccb17be60a</Type>
		<TypeName>SDT</TypeName>
		<Name>api.sdt_servidor_temporario_insert</Name>
		<Errors />
		<Warnings />
		<Info />
	</RowImport>
	<RowImport>
		<Status>Ok</Status>
		<Type>447527b5-9210-4523-898b-5dccb17be60a</Type>
		<TypeName>SDT</TypeName>
		<Name>api.sdt_servidor_temporario_update</Name>
		<Errors />
		<Warnings />
		<Info />
	</RowImport>
	<RowImport>
		<Status>Ok</Status>
		<Type>447527b5-9210-4523-898b-5dccb17be60a</Type>
		<TypeName>SDT</TypeName>
		<Name>api.sdt_servidor_temporario_select</Name>
		<Errors />
		<Warnings />
		<Info />
	</RowImport>
	<RowImport>
		<Status>Ok</Status>
		<Type>447527b5-9210-4523-898b-5dccb17be60a</Type>
		<TypeName>SDT</TypeName>
		<Name>api.sdt_servidor_efetivo_select</Name>
		<Errors />
		<Warnings />
		<Info />
	</RowImport>
	<RowImport>
		<Status>Ok</Status>
		<Type>447527b5-9210-4523-898b-5dccb17be60a</Type>
		<TypeName>SDT</TypeName>
		<Name>api.sdt_servefetivo_insert</Name>
		<Errors />
		<Warnings />
		<Info />
	</RowImport>
	<RowImport>
		<Status>Ok</Status>
		<Type>447527b5-9210-4523-898b-5dccb17be60a</Type>
		<TypeName>SDT</TypeName>
		<Name>api.sdt_servefetivo_update</Name>
		<Errors />
		<Warnings />
		<Info />
	</RowImport>
	<RowImport>
		<Status>Ok</Status>
		<Type>447527b5-9210-4523-898b-5dccb17be60a</Type>
		<TypeName>SDT</TypeName>
		<Name>api.sdt_efetivos_lotados</Name>
		<Errors />
		<Warnings />
		<Info />
	</RowImport>
	<RowImport>
		<Status>Ok</Status>
		<Type>447527b5-9210-4523-898b-5dccb17be60a</Type>
		<TypeName>SDT</TypeName>
		<Name>api.sdt_end_funcional</Name>
		<Errors />
		<Warnings />
		<Info />
	</RowImport>
	<RowImport>
		<Status>Ok</Status>
		<Type>447527b5-9210-4523-898b-5dccb17be60a</Type>
		<TypeName>SDT</TypeName>
		<Name>modelo.usuario_dados</Name>
		<Errors />
		<Warnings />
		<Info />
	</RowImport>
	<RowImport>
		<Status>Ok</Status>
		<Type>447527b5-9210-4523-898b-5dccb17be60a</Type>
		<TypeName>SDT</TypeName>
		<Name>api.sdt_foto_pessoa_insert</Name>
		<Errors />
		<Warnings />
		<Info />
	</RowImport>
	<RowImport>
		<Status>Ok</Status>
		<Type>88313f43-5eb2-0000-0028-e8d9f5bf9588</Type>
		<TypeName>Language</TypeName>
		<Name>Portuguese</Name>
		<Errors />
		<Warnings />
		<Info />
	</RowImport>
	<RowImport>
		<Status>Ok</Status>
		<Type>ecececec-dfe0-4a57-ae8f-c6e31b0dcbc0</Type>
		<TypeName>GeneratorCategory</TypeName>
		<Name>Default</Name>
		<Errors />
		<Warnings />
		<Info />
	</RowImport>
	<RowImport>
		<Status>Ok</Status>
		<Type>dcdcdcdc-dfe0-4a57-ae8f-c6e31b0dcbc0</Type>
		<TypeName>DataStoreCategory</TypeName>
		<Name>Default</Name>
		<Errors />
		<Warnings />
		<Info />
	</RowImport>
	<RowImport>
		<Status>Ok</Status>
		<Type>c163e562-42c6-4158-ad83-5b21a14cf30e</Type>
		<TypeName>ExternalObject</TypeName>
		<Name>modelo.GlobalEvents</Name>
		<Errors />
		<Warnings />
		<Info />
	</RowImport>
	<RowImport>
		<Status>Ok</Status>
		<Type>1db606f2-af09-4cf9-a3b5-b481519d28f6</Type>
		<TypeName>Transaction</TypeName>
		<Name>modelo.pessoa</Name>
		<Errors />
		<Warnings />
		<Info />
	</RowImport>
	<RowImport>
		<Status>Ok</Status>
		<Type>1db606f2-af09-4cf9-a3b5-b481519d28f6</Type>
		<TypeName>Transaction</TypeName>
		<Name>modelo.unidade</Name>
		<Errors />
		<Warnings />
		<Info />
	</RowImport>
	<RowImport>
		<Status>Ok</Status>
		<Type>1db606f2-af09-4cf9-a3b5-b481519d28f6</Type>
		<TypeName>Transaction</TypeName>
		<Name>modelo.cidade</Name>
		<Errors />
		<Warnings />
		<Info />
	</RowImport>
	<RowImport>
		<Status>Ok</Status>
		<Type>1db606f2-af09-4cf9-a3b5-b481519d28f6</Type>
		<TypeName>Transaction</TypeName>
		<Name>modelo.endereco</Name>
		<Errors />
		<Warnings />
		<Info />
	</RowImport>
	<RowImport>
		<Status>Ok</Status>
		<Type>1db606f2-af09-4cf9-a3b5-b481519d28f6</Type>
		<TypeName>Transaction</TypeName>
		<Name>modelo.foto_pessoa</Name>
		<Errors />
		<Warnings />
		<Info />
	</RowImport>
	<RowImport>
		<Status>Ok</Status>
		<Type>1db606f2-af09-4cf9-a3b5-b481519d28f6</Type>
		<TypeName>Transaction</TypeName>
		<Name>modelo.servidor_efetivo</Name>
		<Errors />
		<Warnings />
		<Info />
	</RowImport>
	<RowImport>
		<Status>Ok</Status>
		<Type>1db606f2-af09-4cf9-a3b5-b481519d28f6</Type>
		<TypeName>Transaction</TypeName>
		<Name>modelo.lotacao</Name>
		<Errors />
		<Warnings />
		<Info />
	</RowImport>
	<RowImport>
		<Status>Ok</Status>
		<Type>1db606f2-af09-4cf9-a3b5-b481519d28f6</Type>
		<TypeName>Transaction</TypeName>
		<Name>modelo.servidor_temporario</Name>
		<Errors />
		<Warnings />
		<Info />
	</RowImport>
	<RowImport>
		<Status>Ok</Status>
		<Type>87313f43-5eb2-41d7-9b8c-e8d9f5bf9588</Type>
		<TypeName>Group</TypeName>
		<Name>modelo.SubtypePessoa_Servidor_Temporario</Name>
		<Errors />
		<Warnings />
		<Info />
	</RowImport>
	<RowImport>
		<Status>Ok</Status>
		<Type>87313f43-5eb2-41d7-9b8c-e8d9f5bf9588</Type>
		<TypeName>Group</TypeName>
		<Name>modelo.SubtypePessoa_ServidorEfetivo</Name>
		<Errors />
		<Warnings />
		<Info />
	</RowImport>
	<RowImport>
		<Status>Ok</Status>
		<Type>857ca50e-7905-0000-0007-c5d9ff2975ec</Type>
		<TypeName>Table</TypeName>
		<Name>pessoa</Name>
		<Errors />
		<Warnings />
		<Info />
	</RowImport>
	<RowImport>
		<Status>Ok</Status>
		<Type>857ca50e-7905-0000-0007-c5d9ff2975ec</Type>
		<TypeName>Table</TypeName>
		<Name>unidade</Name>
		<Errors />
		<Warnings />
		<Info />
	</RowImport>
	<RowImport>
		<Status>Ok</Status>
		<Type>857ca50e-7905-0000-0007-c5d9ff2975ec</Type>
		<TypeName>Table</TypeName>
		<Name>cidade</Name>
		<Errors />
		<Warnings />
		<Info />
	</RowImport>
	<RowImport>
		<Status>Ok</Status>
		<Type>857ca50e-7905-0000-0007-c5d9ff2975ec</Type>
		<TypeName>Table</TypeName>
		<Name>endereco</Name>
		<Errors />
		<Warnings />
		<Info />
	</RowImport>
	<RowImport>
		<Status>Ok</Status>
		<Type>857ca50e-7905-0000-0007-c5d9ff2975ec</Type>
		<TypeName>Table</TypeName>
		<Name>pessoa_endereco</Name>
		<Errors />
		<Warnings />
		<Info />
	</RowImport>
	<RowImport>
		<Status>Ok</Status>
		<Type>857ca50e-7905-0000-0007-c5d9ff2975ec</Type>
		<TypeName>Table</TypeName>
		<Name>unidade_endereco</Name>
		<Errors />
		<Warnings />
		<Info />
	</RowImport>
	<RowImport>
		<Status>Ok</Status>
		<Type>857ca50e-7905-0000-0007-c5d9ff2975ec</Type>
		<TypeName>Table</TypeName>
		<Name>foto_pessoa</Name>
		<Errors />
		<Warnings />
		<Info />
	</RowImport>
	<RowImport>
		<Status>Ok</Status>
		<Type>857ca50e-7905-0000-0007-c5d9ff2975ec</Type>
		<TypeName>Table</TypeName>
		<Name>lotacao</Name>
		<Errors />
		<Warnings />
		<Info />
	</RowImport>
	<RowImport>
		<Status>Ok</Status>
		<Type>857ca50e-7905-0000-0007-c5d9ff2975ec</Type>
		<TypeName>Table</TypeName>
		<Name>servidor_efetivo</Name>
		<Errors />
		<Warnings />
		<Info />
	</RowImport>
	<RowImport>
		<Status>Ok</Status>
		<Type>857ca50e-7905-0000-0007-c5d9ff2975ec</Type>
		<TypeName>Table</TypeName>
		<Name>servidor_temporario</Name>
		<Errors />
		<Warnings />
		<Info />
	</RowImport>
	<RowImport>
		<Status>Ok</Status>
		<Type>84a12160-f59b-4ad7-a683-ea4481ac23e9</Type>
		<TypeName>Procedure</TypeName>
		<Name>modelo.PValida</Name>
		<Errors />
		<Warnings />
		<Info />
	</RowImport>
	<RowImport>
		<Status>Ok</Status>
		<Type>84a12160-f59b-4ad7-a683-ea4481ac23e9</Type>
		<TypeName>Procedure</TypeName>
		<Name>api.Pessoa_Insert</Name>
		<Errors />
		<Warnings />
		<Info />
	</RowImport>
	<RowImport>
		<Status>Ok</Status>
		<Type>84a12160-f59b-4ad7-a683-ea4481ac23e9</Type>
		<TypeName>Procedure</TypeName>
		<Name>modelo.Pessoa_Update</Name>
		<Errors />
		<Warnings />
		<Info />
	</RowImport>
	<RowImport>
		<Status>Ok</Status>
		<Type>84a12160-f59b-4ad7-a683-ea4481ac23e9</Type>
		<TypeName>Procedure</TypeName>
		<Name>api.Cidade_Insert</Name>
		<Errors />
		<Warnings />
		<Info />
	</RowImport>
	<RowImport>
		<Status>Ok</Status>
		<Type>84a12160-f59b-4ad7-a683-ea4481ac23e9</Type>
		<TypeName>Procedure</TypeName>
		<Name>api.Cidade_Update</Name>
		<Errors />
		<Warnings />
		<Info />
	</RowImport>
	<RowImport>
		<Status>Ok</Status>
		<Type>84a12160-f59b-4ad7-a683-ea4481ac23e9</Type>
		<TypeName>Procedure</TypeName>
		<Name>modelo.Endereco_Insert</Name>
		<Errors />
		<Warnings />
		<Info />
	</RowImport>
	<RowImport>
		<Status>Ok</Status>
		<Type>84a12160-f59b-4ad7-a683-ea4481ac23e9</Type>
		<TypeName>Procedure</TypeName>
		<Name>modelo.Endereco_Update</Name>
		<Errors />
		<Warnings />
		<Info />
	</RowImport>
	<RowImport>
		<Status>Ok</Status>
		<Type>84a12160-f59b-4ad7-a683-ea4481ac23e9</Type>
		<TypeName>Procedure</TypeName>
		<Name>api.Foto_Pessoa_Insert</Name>
		<Errors />
		<Warnings />
		<Info />
	</RowImport>
	<RowImport>
		<Status>Ok</Status>
		<Type>84a12160-f59b-4ad7-a683-ea4481ac23e9</Type>
		<TypeName>Procedure</TypeName>
		<Name>modelo.Foto_Pessoa_Update</Name>
		<Errors />
		<Warnings />
		<Info />
	</RowImport>
	<RowImport>
		<Status>Ok</Status>
		<Type>84a12160-f59b-4ad7-a683-ea4481ac23e9</Type>
		<TypeName>Procedure</TypeName>
		<Name>api.Unidade_Insert</Name>
		<Errors />
		<Warnings />
		<Info />
	</RowImport>
	<RowImport>
		<Status>Ok</Status>
		<Type>84a12160-f59b-4ad7-a683-ea4481ac23e9</Type>
		<TypeName>Procedure</TypeName>
		<Name>api.Unidade_Update</Name>
		<Errors />
		<Warnings />
		<Info />
	</RowImport>
	<RowImport>
		<Status>Ok</Status>
		<Type>84a12160-f59b-4ad7-a683-ea4481ac23e9</Type>
		<TypeName>Procedure</TypeName>
		<Name>api.Lotacao_Insert</Name>
		<Errors />
		<Warnings />
		<Info />
	</RowImport>
	<RowImport>
		<Status>Ok</Status>
		<Type>84a12160-f59b-4ad7-a683-ea4481ac23e9</Type>
		<TypeName>Procedure</TypeName>
		<Name>api.Lotacao_Update</Name>
		<Errors />
		<Warnings />
		<Info />
	</RowImport>
	<RowImport>
		<Status>Ok</Status>
		<Type>84a12160-f59b-4ad7-a683-ea4481ac23e9</Type>
		<TypeName>Procedure</TypeName>
		<Name>modelo.Servidor_Efetivo_Insert</Name>
		<Errors />
		<Warnings />
		<Info />
	</RowImport>
	<RowImport>
		<Status>Ok</Status>
		<Type>84a12160-f59b-4ad7-a683-ea4481ac23e9</Type>
		<TypeName>Procedure</TypeName>
		<Name>modelo.Servidor_Temporario_Insert</Name>
		<Errors />
		<Warnings />
		<Info />
	</RowImport>
	<RowImport>
		<Status>Ok</Status>
		<Type>84a12160-f59b-4ad7-a683-ea4481ac23e9</Type>
		<TypeName>Procedure</TypeName>
		<Name>modelo.Servidor_Temporario_Update</Name>
		<Errors />
		<Warnings />
		<Info />
	</RowImport>
	<RowImport>
		<Status>Ok</Status>
		<Type>84a12160-f59b-4ad7-a683-ea4481ac23e9</Type>
		<TypeName>Procedure</TypeName>
		<Name>api.Cidade_Delete</Name>
		<Errors />
		<Warnings />
		<Info />
	</RowImport>
	<RowImport>
		<Status>Ok</Status>
		<Type>84a12160-f59b-4ad7-a683-ea4481ac23e9</Type>
		<TypeName>Procedure</TypeName>
		<Name>api.Cidade_Select</Name>
		<Errors />
		<Warnings />
		<Info />
	</RowImport>
	<RowImport>
		<Status>Ok</Status>
		<Type>84a12160-f59b-4ad7-a683-ea4481ac23e9</Type>
		<TypeName>Procedure</TypeName>
		<Name>modelo.Endereco_Existe</Name>
		<Errors />
		<Warnings />
		<Info />
	</RowImport>
	<RowImport>
		<Status>Ok</Status>
		<Type>84a12160-f59b-4ad7-a683-ea4481ac23e9</Type>
		<TypeName>Procedure</TypeName>
		<Name>modelo.Cidade_Existe</Name>
		<Errors />
		<Warnings />
		<Info />
	</RowImport>
	<RowImport>
		<Status>Ok</Status>
		<Type>84a12160-f59b-4ad7-a683-ea4481ac23e9</Type>
		<TypeName>Procedure</TypeName>
		<Name>api.Unidade_Delete</Name>
		<Errors />
		<Warnings />
		<Info />
	</RowImport>
	<RowImport>
		<Status>Ok</Status>
		<Type>84a12160-f59b-4ad7-a683-ea4481ac23e9</Type>
		<TypeName>Procedure</TypeName>
		<Name>modelo.Pessoa_Existe</Name>
		<Errors />
		<Warnings />
		<Info />
	</RowImport>
	<RowImport>
		<Status>Ok</Status>
		<Type>84a12160-f59b-4ad7-a683-ea4481ac23e9</Type>
		<TypeName>Procedure</TypeName>
		<Name>api.Lotacao_Delete</Name>
		<Errors />
		<Warnings />
		<Info />
	</RowImport>
	<RowImport>
		<Status>Ok</Status>
		<Type>84a12160-f59b-4ad7-a683-ea4481ac23e9</Type>
		<TypeName>Procedure</TypeName>
		<Name>modelo.Pessoa_Existe_Por_pes_id</Name>
		<Errors />
		<Warnings />
		<Info />
	</RowImport>
	<RowImport>
		<Status>Ok</Status>
		<Type>84a12160-f59b-4ad7-a683-ea4481ac23e9</Type>
		<TypeName>Procedure</TypeName>
		<Name>modelo.Unidade_Existe</Name>
		<Errors />
		<Warnings />
		<Info />
	</RowImport>
	<RowImport>
		<Status>Ok</Status>
		<Type>84a12160-f59b-4ad7-a683-ea4481ac23e9</Type>
		<TypeName>Procedure</TypeName>
		<Name>api.servidor_temporario_inserir</Name>
		<Errors />
		<Warnings />
		<Info />
	</RowImport>
	<RowImport>
		<Status>Ok</Status>
		<Type>84a12160-f59b-4ad7-a683-ea4481ac23e9</Type>
		<TypeName>Procedure</TypeName>
		<Name>modelo.Servidor_Temporario_sequence_st_id</Name>
		<Errors />
		<Warnings />
		<Info />
	</RowImport>
	<RowImport>
		<Status>Ok</Status>
		<Type>84a12160-f59b-4ad7-a683-ea4481ac23e9</Type>
		<TypeName>Procedure</TypeName>
		<Name>api.servidor_temporario_update</Name>
		<Errors />
		<Warnings />
		<Info />
	</RowImport>
	<RowImport>
		<Status>Ok</Status>
		<Type>84a12160-f59b-4ad7-a683-ea4481ac23e9</Type>
		<TypeName>Procedure</TypeName>
		<Name>api.servidor_temporario_delete</Name>
		<Errors />
		<Warnings />
		<Info />
	</RowImport>
	<RowImport>
		<Status>Ok</Status>
		<Type>84a12160-f59b-4ad7-a683-ea4481ac23e9</Type>
		<TypeName>Procedure</TypeName>
		<Name>api.servidor_temporario_select</Name>
		<Errors />
		<Warnings />
		<Info />
	</RowImport>
	<RowImport>
		<Status>Ok</Status>
		<Type>84a12160-f59b-4ad7-a683-ea4481ac23e9</Type>
		<TypeName>Procedure</TypeName>
		<Name>api.servidor_efetivo_delete</Name>
		<Errors />
		<Warnings />
		<Info />
	</RowImport>
	<RowImport>
		<Status>Ok</Status>
		<Type>84a12160-f59b-4ad7-a683-ea4481ac23e9</Type>
		<TypeName>Procedure</TypeName>
		<Name>api.servidor_efetivo_select</Name>
		<Errors />
		<Warnings />
		<Info />
	</RowImport>
	<RowImport>
		<Status>Ok</Status>
		<Type>84a12160-f59b-4ad7-a683-ea4481ac23e9</Type>
		<TypeName>Procedure</TypeName>
		<Name>api.servefetivo_insert</Name>
		<Errors />
		<Warnings />
		<Info />
	</RowImport>
	<RowImport>
		<Status>Ok</Status>
		<Type>84a12160-f59b-4ad7-a683-ea4481ac23e9</Type>
		<TypeName>Procedure</TypeName>
		<Name>api.servefetivo_update</Name>
		<Errors />
		<Warnings />
		<Info />
	</RowImport>
	<RowImport>
		<Status>Ok</Status>
		<Type>84a12160-f59b-4ad7-a683-ea4481ac23e9</Type>
		<TypeName>Procedure</TypeName>
		<Name>api.Efetivos_Lotados_Select</Name>
		<Errors />
		<Warnings />
		<Info />
	</RowImport>
	<RowImport>
		<Status>Ok</Status>
		<Type>84a12160-f59b-4ad7-a683-ea4481ac23e9</Type>
		<TypeName>Procedure</TypeName>
		<Name>modelo.link_foto_da_pessoa</Name>
		<Errors />
		<Warnings />
		<Info />
	</RowImport>
	<RowImport>
		<Status>Ok</Status>
		<Type>84a12160-f59b-4ad7-a683-ea4481ac23e9</Type>
		<TypeName>Procedure</TypeName>
		<Name>api.Endereco_Funcional_Select</Name>
		<Errors />
		<Warnings />
		<Info />
	</RowImport>
	<RowImport>
		<Status>Ok</Status>
		<Type>84a12160-f59b-4ad7-a683-ea4481ac23e9</Type>
		<TypeName>Procedure</TypeName>
		<Name>api.MontaMessagem</Name>
		<Errors />
		<Warnings />
		<Info />
	</RowImport>
	<RowImport>
		<Status>Ok</Status>
		<Type>84a12160-f59b-4ad7-a683-ea4481ac23e9</Type>
		<TypeName>Procedure</TypeName>
		<Name>api.GerarToken</Name>
		<Errors />
		<Warnings />
		<Info />
	</RowImport>
	<RowImport>
		<Status>Ok</Status>
		<Type>84a12160-f59b-4ad7-a683-ea4481ac23e9</Type>
		<TypeName>Procedure</TypeName>
		<Name>api.ValidarUsuario</Name>
		<Errors />
		<Warnings />
		<Info />
	</RowImport>
	<RowImport>
		<Status>Ok</Status>
		<Type>84a12160-f59b-4ad7-a683-ea4481ac23e9</Type>
		<TypeName>Procedure</TypeName>
		<Name>api.ValidaPermissaoUsuario</Name>
		<Errors />
		<Warnings />
		<Info />
	</RowImport>
	<RowImport>
		<Status>Ok</Status>
		<Type>84a12160-f59b-4ad7-a683-ea4481ac23e9</Type>
		<TypeName>Procedure</TypeName>
		<Name>api.ValidaToken</Name>
		<Errors />
		<Warnings />
		<Info />
	</RowImport>
	<RowImport>
		<Status>Ok</Status>
		<Type>84a12160-f59b-4ad7-a683-ea4481ac23e9</Type>
		<TypeName>Procedure</TypeName>
		<Name>api.AutenticarApi</Name>
		<Errors />
		<Warnings />
		<Info />
	</RowImport>
	<RowImport>
		<Status>Ok</Status>
		<Type>84a12160-f59b-4ad7-a683-ea4481ac23e9</Type>
		<TypeName>Procedure</TypeName>
		<Name>api.Foto_Pessoa_Select</Name>
		<Errors />
		<Warnings />
		<Info />
	</RowImport>
	<RowImport>
		<Status>Ok</Status>
		<Type>c9584656-94b6-4ccd-890f-332d11fc2c25</Type>
		<TypeName>WebPanel</TypeName>
		<Name>modelo.home</Name>
		<Errors />
		<Warnings />
		<Info />
	</RowImport>
	<RowImport>
		<Status>Ok</Status>
		<Type>00000000-0000-0000-0000-000000000006</Type>
		<TypeName>Category</TypeName>
		<Name>Main Programs</Name>
		<Errors />
		<Warnings />
		<Info />
	</RowImport>
	<RowImport>
		<Status>Ok</Status>
		<Type>2a9e9aba-d2de-4801-ae7f-5e3819222daf</Type>
		<TypeName>DataProvider</TypeName>
		<Name>modelo.servidor_efetivo_consulta</Name>
		<Errors />
		<Warnings />
		<Info />
	</RowImport>
	<RowImport>
		<Status>Ok</Status>
		<Type>2a9e9aba-d2de-4801-ae7f-5e3819222daf</Type>
		<TypeName>DataProvider</TypeName>
		<Name>api.DP_Unidade_Select</Name>
		<Errors />
		<Warnings />
		<Info />
	</RowImport>
	<RowImport>
		<Status>Ok</Status>
		<Type>2a9e9aba-d2de-4801-ae7f-5e3819222daf</Type>
		<TypeName>DataProvider</TypeName>
		<Name>api.DP_Lotacao_Select</Name>
		<Errors />
		<Warnings />
		<Info />
	</RowImport>
	<RowImport>
		<Status>Ok</Status>
		<Type>2a9e9aba-d2de-4801-ae7f-5e3819222daf</Type>
		<TypeName>DataProvider</TypeName>
		<Name>modelo.get_dados_usuario</Name>
		<Errors />
		<Warnings />
		<Info />
	</RowImport>
	<RowImport>
		<Status>Ok</Status>
		<Type>9fb193d9-64a4-4d30-b129-ff7c76830f7e</Type>
		<TypeName>Image</TypeName>
		<Name>selectRow</Name>
		<Errors />
		<Warnings />
		<Info />
	</RowImport>
	<RowImport>
		<Status>Ok</Status>
		<Type>9fb193d9-64a4-4d30-b129-ff7c76830f7e</Type>
		<TypeName>Image</TypeName>
		<Name>PageFirst</Name>
		<Errors />
		<Warnings />
		<Info />
	</RowImport>
	<RowImport>
		<Status>Ok</Status>
		<Type>9fb193d9-64a4-4d30-b129-ff7c76830f7e</Type>
		<TypeName>Image</TypeName>
		<Name>PageLast</Name>
		<Errors />
		<Warnings />
		<Info />
	</RowImport>
	<RowImport>
		<Status>Ok</Status>
		<Type>9fb193d9-64a4-4d30-b129-ff7c76830f7e</Type>
		<TypeName>Image</TypeName>
		<Name>PageNext</Name>
		<Errors />
		<Warnings />
		<Info />
	</RowImport>
	<RowImport>
		<Status>Ok</Status>
		<Type>9fb193d9-64a4-4d30-b129-ff7c76830f7e</Type>
		<TypeName>Image</TypeName>
		<Name>PagePrevious</Name>
		<Errors />
		<Warnings />
		<Info />
	</RowImport>
	<RowImport>
		<Status>Ok</Status>
		<Type>bf08dfb1-361c-4e7e-ad54-391e56e60b49</Type>
		<TypeName>DeploymentUnitCategory</TypeName>
		<Name>deploy</Name>
		<Errors />
		<Warnings />
		<Info />
	</RowImport>
	<RowImport>
		<Status>Ok</Status>
		<Type>36e32e2d-023e-4188-95df-d13573bac2e0</Type>
		<TypeName>API</TypeName>
		<Name>api.cidade</Name>
		<Errors />
		<Warnings />
		<Info />
	</RowImport>
	<RowImport>
		<Status>Ok</Status>
		<Type>36e32e2d-023e-4188-95df-d13573bac2e0</Type>
		<TypeName>API</TypeName>
		<Name>api.unidade</Name>
		<Errors />
		<Warnings />
		<Info />
	</RowImport>
	<RowImport>
		<Status>Ok</Status>
		<Type>36e32e2d-023e-4188-95df-d13573bac2e0</Type>
		<TypeName>API</TypeName>
		<Name>api.lotacao</Name>
		<Errors />
		<Warnings />
		<Info />
	</RowImport>
	<RowImport>
		<Status>Ok</Status>
		<Type>36e32e2d-023e-4188-95df-d13573bac2e0</Type>
		<TypeName>API</TypeName>
		<Name>api.pessoa</Name>
		<Errors />
		<Warnings />
		<Info />
	</RowImport>
	<RowImport>
		<Status>Ok</Status>
		<Type>36e32e2d-023e-4188-95df-d13573bac2e0</Type>
		<TypeName>API</TypeName>
		<Name>api.servidortemporario</Name>
		<Errors />
		<Warnings />
		<Info />
	</RowImport>
	<RowImport>
		<Status>Ok</Status>
		<Type>36e32e2d-023e-4188-95df-d13573bac2e0</Type>
		<TypeName>API</TypeName>
		<Name>api.servefetivo</Name>
		<Errors />
		<Warnings />
		<Info />
	</RowImport>
	<RowImport>
		<Status>Ok</Status>
		<Type>36e32e2d-023e-4188-95df-d13573bac2e0</Type>
		<TypeName>API</TypeName>
		<Name>api.efetivoslotados</Name>
		<Errors />
		<Warnings />
		<Info />
	</RowImport>
	<RowImport>
		<Status>Ok</Status>
		<Type>36e32e2d-023e-4188-95df-d13573bac2e0</Type>
		<TypeName>API</TypeName>
		<Name>api.enderecofuncional</Name>
		<Errors />
		<Warnings />
		<Info />
	</RowImport>
	<RowImport>
		<Status>Ok</Status>
		<Type>36e32e2d-023e-4188-95df-d13573bac2e0</Type>
		<TypeName>API</TypeName>
		<Name>api.autenticar</Name>
		<Errors />
		<Warnings />
		<Info />
	</RowImport>
	<RowImport>
		<Status>Ok</Status>
		<Type>36e32e2d-023e-4188-95df-d13573bac2e0</Type>
		<TypeName>API</TypeName>
		<Name>api.fotopessoa</Name>
		<Errors />
		<Warnings />
		<Info />
	</RowImport>
	<RowImport>
		<Status>Ok</Status>
		<Type>280c149c-48b2-4284-a532-0c999df9e006</Type>
		<TypeName>Diagram</TypeName>
		<Name>modelo.Diagrama</Name>
		<Errors />
		<Warnings />
		<Info />
	</RowImport>
	<RowImport>
		<Status>Ok</Status>
		<Type>280c149c-48b2-4284-a532-0c999df9e006</Type>
		<TypeName>Diagram</TypeName>
		<Name>modelo.DiagramaTabela</Name>
		<Errors />
		<Warnings />
		<Info />
	</RowImport>
</ImportLog>